[update_work_memory] 압축: [2026-04-14T13:00:01.337974] 압축 완료 (이번 실행 압축 항목: 0건)
[update_work_memory] push 완료: update: compress WORK_MEMORY
[update_work_memory] 압축: [2026-04-14T14:00:01.891749] 압축 완료 (이번 실행 압축 항목: 0건)
[update_work_memory] push 완료: update: compress WORK_MEMORY
[2026-04-14T15:00:02.136910] 압축 완료 (이번 실행 압축 항목: 0건)
[update_work_memory] 압축: [2026-04-14T15:00:02.099252] 압축 완료 (이번 실행 압축 항목: 0건)
[update_work_memory] push 완료: update: compress WORK_MEMORY
[update_work_memory] 압축: [2026-04-14T16:00:01.702134] 압축 완료 (이번 실행 압축 항목: 0건)
[update_work_memory] push 완료: update: compress WORK_MEMORY
[update_work_memory] 압축: [2026-04-14T17:00:01.837976] 압축 완료 (이번 실행 압축 항목: 0건)
[update_work_memory] push 완료: update: compress WORK_MEMORY
[update_work_memory] 압축: [2026-04-14T18:00:02.106232] 압축 완료 (이번 실행 압축 항목: 0건)
[update_work_memory] push 완료: update: compress WORK_MEMORY
[update_work_memory] 압축: [2026-04-14T19:00:01.922751] 압축 완료 (이번 실행 압축 항목: 0건)
[update_work_memory] push 완료: update: compress WORK_MEMORY
[update_work_memory] 압축: [2026-04-14T20:00:02.011756] 압축 완료 (이번 실행 압축 항목: 0건)
[update_work_memory] push 완료: update: compress WORK_MEMORY
[update_work_memory] 압축: [2026-04-14T21:00:01.632744] 압축 완료 (이번 실행 압축 항목: 0건)
[update_work_memory] push 완료: update: compress WORK_MEMORY
[update_work_memory] 압축: [2026-04-14T22:00:01.792658] 압축 완료 (이번 실행 압축 항목: 0건)
[update_work_memory] push 완료: update: compress WORK_MEMORY
[update_work_memory] 압축: [2026-04-14T23:00:01.405317] 압축 완료 (이번 실행 압축 항목: 0건)
[update_work_memory] push 완료: update: compress WORK_MEMORY
[update_work_memory] WORK_MEMORY git push 실패
To https://github.com/stayz-hue/vivi-memory.git
 ! [remote rejected] main -> main (cannot lock ref 'refs/heads/main': is at 9dc87f5eeef1fd90cd6d5dd4441b456032071e5d but expected b4fb2dd63cfda1544ad706
[update_work_memory] 압축: [2026-04-15T00:00:01.829129] 압축 완료 (이번 실행 압축 항목: 0건)
[update_work_memory] WORK_MEMORY git push 실패
To https://github.com/stayz-hue/vivi-memory.git
 ! [rejected]        main -> main (non-fast-forward)
error: failed to push some refs to 'https://github.com/stayz-hue/vivi-memory.git'
hint: Updates wer
[update_work_memory] 압축: [2026-04-15T01:00:01.831406] 압축 완료 (이번 실행 압축 항목: 0건)
[update_work_memory] WORK_MEMORY git push 실패
To https://github.com/stayz-hue/vivi-memory.git
 ! [rejected]        main -> main (non-fast-forward)
error: failed to push some refs to 'https://github.com/stayz-hue/vivi-memory.git'
hint: Updates wer
[update_work_memory] 압축: [2026-04-15T02:00:01.481789] 압축 완료 (이번 실행 압축 항목: 0건)
